
> moveshare-frontend@0.0.1 build
> vite build

[33mThe CJS build of Vite's Node API is deprecated. See https://vite.dev/guide/troubleshooting.html#vite-cjs-node-api-deprecated for more details.[39m
[36mvite v5.4.21 [32mbuilding for production...[36m[39m
transforming...
[32m✓[39m 2269 modules transformed.
[33mwarnings when minifying css:
▲ [WARNING] Expected "}" to go with "{" [css-syntax-error]

    <stdin>:7715:0:
      7715 │ 
           │ ^
           ╵ }

  The unbalanced "{" is here:

    <stdin>:1336:14:
      1336 │ .feature-item {
           ╵               ^

[39m
rendering chunks...
computing gzip size...
[2mdist/[22m[32mindex.html                 [39m[1m[2m  0.55 kB[22m[1m[22m[2m │ gzip:   0.36 kB[22m
[2mdist/[22m[35massets/index-dDOM9jmL.css  [39m[1m[2m136.50 kB[22m[1m[22m[2m │ gzip:  25.16 kB[22m
[2mdist/[22m[36massets/index-Bh7m19kq.js   [39m[1m[33m638.40 kB[39m[22m[2m │ gzip: 197.29 kB[22m
[33m
(!) Some chunks are larger than 500 kB after minification. Consider:
- Using dynamic import() to code-split the application
- Use build.rollupOptions.output.manualChunks to improve chunking: https://rollupjs.org/configuration-options/#output-manualchunks
- Adjust chunk size limit for this warning via build.chunkSizeWarningLimit.[39m
[32m✓ built in 10.29s[39m
